  Moni.c
D:\Учёба\Курсовой\Moni\Moni.c(27,3): warning C4098: main: функция типа "void", возвращающая значение
D:\Учёба\Курсовой\Moni\Moni.c(60,12): warning C4477: "printf": в строке форматирования "%8s" требуется аргумент типа "char *", но вариативный аргумент "7" имеет тип "double *"
D:\Учёба\Курсовой\Moni\Moni.c(60,12): warning C4477: "printf": в строке форматирования "%10s" требуется аргумент типа "char *", но вариативный аргумент "9" имеет тип "float *"
D:\Учёба\Курсовой\Moni\Moni.c(67,12): warning C4477: "printf": в строке форматирования "%8s" требуется аргумент типа "char *", но вариативный аргумент "7" имеет тип "double *"
D:\Учёба\Курсовой\Moni\Moni.c(67,12): warning C4477: "printf": в строке форматирования "%10s" требуется аргумент типа "char *", но вариативный аргумент "9" имеет тип "float *"
D:\Учёба\Курсовой\Moni\Moni.c(73,12): warning C4477: "printf": в строке форматирования "%8s" требуется аргумент типа "char *", но вариативный аргумент "7" имеет тип "double *"
D:\Учёба\Курсовой\Moni\Moni.c(73,12): warning C4477: "printf": в строке форматирования "%10s" требуется аргумент типа "char *", но вариативный аргумент "9" имеет тип "float *"
D:\Учёба\Курсовой\Moni\Moni.c(95,18): warning C4477: "fprintf": в строке форматирования "%8s" требуется аргумент типа "char *", но вариативный аргумент "7" имеет тип "double *"
D:\Учёба\Курсовой\Moni\Moni.c(95,18): warning C4477: "fprintf": в строке форматирования "%10s" требуется аргумент типа "char *", но вариативный аргумент "9" имеет тип "float *"
D:\Учёба\Курсовой\Moni\Moni.c(102,12): warning C4477: "printf": в строке форматирования "%8s" требуется аргумент типа "char *", но вариативный аргумент "7" имеет тип "double *"
D:\Учёба\Курсовой\Moni\Moni.c(102,12): warning C4477: "printf": в строке форматирования "%10s" требуется аргумент типа "char *", но вариативный аргумент "9" имеет тип "float *"
D:\Учёба\Курсовой\Moni\Moni.c(30,7): warning C4101: kl: неиспользованная локальная переменная
D:\Учёба\Курсовой\Moni\Moni.c(34,7): warning C4101: dev: неиспользованная локальная переменная
D:\Учёба\Курсовой\Moni\Moni.c(35,7): warning C4101: poz: неиспользованная локальная переменная
D:\Учёба\Курсовой\Moni\Moni.c(123,8): warning C4477: "scanf": в строке форматирования "%s" требуется аргумент типа "char *", но вариативный аргумент "1" имеет тип "double *"
D:\Учёба\Курсовой\Moni\Moni.c(125,8): warning C4477: "scanf": в строке форматирования "%s" требуется аргумент типа "char *", но вариативный аргумент "1" имеет тип "float *"
D:\Учёба\Курсовой\Moni\Moni.c(160,2): warning C4047: return: "int" отличается по уровням косвенного обращения от "int *"
D:\Учёба\Курсовой\Moni\Moni.c(172,8): warning C4477: "scanf": в строке форматирования "%s" требуется аргумент типа "char *", но вариативный аргумент "1" имеет тип "double *"
D:\Учёба\Курсовой\Moni\Moni.c(174,8): warning C4477: "scanf": в строке форматирования "%s" требуется аргумент типа "char *", но вариативный аргумент "1" имеет тип "float *"
D:\Учёба\Курсовой\Moni\Moni.c(187,16): warning C4477: "fprintf": в строке форматирования "%s" требуется аргумент типа "char *", но вариативный аргумент "2" имеет тип "int"
D:\Учёба\Курсовой\Moni\Moni.c(187,16): warning C4313: fprintf: конфликт "%s" в строке формата с аргументом 2 типа "int"
D:\Учёба\Курсовой\Moni\Moni.c(187,16): warning C4477: "fprintf": в строке форматирования "%s" требуется аргумент типа "char *", но вариативный аргумент "4" имеет тип "int"
D:\Учёба\Курсовой\Moni\Moni.c(187,16): warning C4313: fprintf: конфликт "%s" в строке формата с аргументом 4 типа "int"
D:\Учёба\Курсовой\Moni\Moni.c(187,16): warning C4477: "fprintf": в строке форматирования "%s" требуется аргумент типа "char *", но вариативный аргумент "6" имеет тип "int"
D:\Учёба\Курсовой\Moni\Moni.c(187,16): warning C4313: fprintf: конфликт "%s" в строке формата с аргументом 6 типа "int"
D:\Учёба\Курсовой\Moni\Moni.c(187,16): warning C4477: "fprintf": в строке форматирования "%8s" требуется аргумент типа "char *", но вариативный аргумент "7" имеет тип "double *"
D:\Учёба\Курсовой\Moni\Moni.c(187,16): warning C4477: "fprintf": в строке форматирования "%s" требуется аргумент типа "char *", но вариативный аргумент "8" имеет тип "int"
D:\Учёба\Курсовой\Moni\Moni.c(187,16): warning C4313: fprintf: конфликт "%s" в строке формата с аргументом 8 типа "int"
D:\Учёба\Курсовой\Moni\Moni.c(187,16): warning C4477: "fprintf": в строке форматирования "%10s" требуется аргумент типа "char *", но вариативный аргумент "9" имеет тип "float *"
D:\Учёба\Курсовой\Moni\Moni.c(187,16): warning C4477: "fprintf": в строке форматирования "%s" требуется аргумент типа "char *", но вариативный аргумент "10" имеет тип "int"
D:\Учёба\Курсовой\Moni\Moni.c(187,16): warning C4313: fprintf: конфликт "%s" в строке формата с аргументом 10 типа "int"
D:\Учёба\Курсовой\Moni\Moni.c(187,16): warning C4477: "fprintf": в строке форматирования "%s" требуется аргумент типа "char *", но вариативный аргумент "12" имеет тип "int"
D:\Учёба\Курсовой\Moni\Moni.c(187,16): warning C4313: fprintf: конфликт "%s" в строке формата с аргументом 12 типа "int"
D:\Учёба\Курсовой\Moni\Moni.c(187,16): warning C4477: "fprintf": в строке форматирования "%s" требуется аргумент типа "char *", но вариативный аргумент "14" имеет тип "int"
D:\Учёба\Курсовой\Moni\Moni.c(187,16): warning C4313: fprintf: конфликт "%s" в строке формата с аргументом 14 типа "int"
D:\Учёба\Курсовой\Moni\Moni.c(213,47): warning C4477: "printf": в строке форматирования "%8s" требуется аргумент типа "char *", но вариативный аргумент "6" имеет тип "double *"
D:\Учёба\Курсовой\Moni\Moni.c(213,47): warning C4477: "printf": в строке форматирования "%10s" требуется аргумент типа "char *", но вариативный аргумент "8" имеет тип "float *"
D:\Учёба\Курсовой\Moni\Moni.c(224,21): warning C4133: функция: несовместимые типы - из "double [50]" в "const char *"
D:\Учёба\Курсовой\Moni\Moni.c(224,50): warning C4477: "printf": в строке форматирования "%8s" требуется аргумент типа "char *", но вариативный аргумент "6" имеет тип "double *"
D:\Учёба\Курсовой\Moni\Moni.c(224,50): warning C4477: "printf": в строке форматирования "%10s" требуется аргумент типа "char *", но вариативный аргумент "8" имеет тип "float *"
D:\Учёба\Курсовой\Moni\Moni.c(230,21): warning C4133: функция: несовместимые типы - из "double [50]" в "const char *"
D:\Учёба\Курсовой\Moni\Moni.c(230,50): warning C4477: "printf": в строке форматирования "%8s" требуется аргумент типа "char *", но вариативный аргумент "6" имеет тип "double *"
D:\Учёба\Курсовой\Moni\Moni.c(230,50): warning C4477: "printf": в строке форматирования "%10s" требуется аргумент типа "char *", но вариативный аргумент "8" имеет тип "float *"
D:\Учёба\Курсовой\Moni\Moni.c(248,21): warning C4133: функция: несовместимые типы - из "double [50]" в "const char *"
D:\Учёба\Курсовой\Moni\Moni.c(248,86): warning C4477: "printf": в строке форматирования "%8s" требуется аргумент типа "char *", но вариативный аргумент "7" имеет тип "double *"
D:\Учёба\Курсовой\Moni\Moni.c(248,86): warning C4477: "printf": в строке форматирования "%10s" требуется аргумент типа "char *", но вариативный аргумент "9" имеет тип "float *"
D:\Учёба\Курсовой\Moni\Moni.c(254,21): warning C4133: функция: несовместимые типы - из "double [50]" в "const char *"
D:\Учёба\Курсовой\Moni\Moni.c(254,86): warning C4477: "printf": в строке форматирования "%8s" требуется аргумент типа "char *", но вариативный аргумент "7" имеет тип "double *"
D:\Учёба\Курсовой\Moni\Moni.c(254,86): warning C4477: "printf": в строке форматирования "%10s" требуется аргумент типа "char *", но вариативный аргумент "9" имеет тип "float *"
  Moni.vcxproj -> D:\Учёба\Курсовой\Moni\x64\Debug\Moni.exe
